<?xml version="1.0" encoding="UTF-8"?>
<testng-results ignored="0" total="6" passed="6" failed="0" skipped="0">
  <reporter-output>
  </reporter-output>
  <suite started-at="2025-02-17T11:12:29 IST" name="Suite" finished-at="2025-02-17T11:13:00 IST" duration-ms="31344">
    <groups>
    </groups>
    <test started-at="2025-02-17T11:12:29 IST" name="Test" finished-at="2025-02-17T11:13:00 IST" duration-ms="31344">
      <class name="TestNG.Admin">
        <test-method signature="f()[pri:0, instance:TestNG.Admin@79e2c065]" started-at="2025-02-17T11:12:41 IST" name="f" finished-at="2025-02-17T11:12:41 IST" duration-ms="3" status="PASS">
          <reporter-output>
          </reporter-output>
        </test-method> <!-- f -->
      </class> <!-- TestNG.Admin -->
      <class name="TestNG.HomePage">
        <test-method signature="open()[pri:1, instance:TestNG.HomePage@3a93b025]" started-at="2025-02-17T11:12:41 IST" name="open" finished-at="2025-02-17T11:13:00 IST" duration-ms="19235" status="PASS">
          <reporter-output>
          </reporter-output>
        </test-method> <!-- open -->
        <test-method signature="login()[pri:2, instance:TestNG.HomePage@3a93b025]" started-at="2025-02-17T11:13:00 IST" name="login" finished-at="2025-02-17T11:13:00 IST" duration-ms="12" status="PASS">
          <reporter-output>
          </reporter-output>
        </test-method> <!-- login -->
        <test-method signature="logOut()[pri:3, instance:TestNG.HomePage@3a93b025]" started-at="2025-02-17T11:13:00 IST" name="logOut" finished-at="2025-02-17T11:13:00 IST" duration-ms="7" status="PASS">
          <reporter-output>
          </reporter-output>
        </test-method> <!-- logOut -->
      </class> <!-- TestNG.HomePage -->
      <class name="TestNG.Seller">
        <test-method signature="open()[pri:1, instance:TestNG.Seller@6ae5aa72]" started-at="2025-02-17T11:12:29 IST" name="open" finished-at="2025-02-17T11:12:37 IST" duration-ms="8491" status="PASS">
          <reporter-output>
          </reporter-output>
        </test-method> <!-- open -->
        <test-method signature="login()[pri:2, instance:TestNG.Seller@6ae5aa72]" started-at="2025-02-17T11:12:37 IST" name="login" finished-at="2025-02-17T11:12:41 IST" duration-ms="3499" status="PASS">
          <reporter-output>
          </reporter-output>
        </test-method> <!-- login -->
      </class> <!-- TestNG.Seller -->
    </test> <!-- Test -->
  </suite> <!-- Suite -->
</testng-results>
