<?xml version="1.0" encoding="UTF-8"?>
<!-- Generated by org.testng.reporters.JUnitXMLReporter -->
<testsuite ignored="0" hostname="JSS-Android-01" failures="0" tests="6" name="Test" time="31.344" errors="0" timestamp="2025-02-17T11:13:00 IST">
  <testcase classname="TestNG.Seller" name="open" time="8.491"/>
  <testcase classname="TestNG.Seller" name="login" time="3.499"/>
  <testcase classname="TestNG.Admin" name="f" time="0.003"/>
  <testcase classname="TestNG.HomePage" name="open" time="19.235"/>
  <testcase classname="TestNG.HomePage" name="login" time="0.012"/>
  <testcase classname="TestNG.HomePage" name="logOut" time="0.007"/>
</testsuite> <!-- Test -->
